2026-06-17 16:04:26 | INFO | Bot instance created.
2026-06-17 16:04:26 | INFO | Bot polling started.
2026-06-17 16:04:37 | INFO | package: mysql.connector.plugins
2026-06-17 16:04:37 | INFO | plugin_name: caching_sha2_password
2026-06-17 16:04:37 | INFO | AUTHENTICATION_PLUGIN_CLASS: MySQLCachingSHA2PasswordAuthPlugin
2026-06-17 16:04:49 | INFO | [DELETE_PROPERTY] prop_id=2 by admin=715337548
2026-06-19 00:41:53 | INFO | Bot instance created.
2026-06-19 00:41:53 | INFO | Bot polling started.
2026-06-19 00:41:55 | ERROR | Infinity polling exception: A request to the Telegram API was unsuccessful. Error code: 401. Description: Unauthorized
2026-06-19 00:41:55 | ERROR | Exception traceback:
Traceback (most recent call last):
  File "c:\Users\p\Downloads\projects\projects\reza hakimi\venv\Lib\site-packages\telebot\__init__.py", line 1123, in infinity_polling
    self.polling(non_stop=True, timeout=timeout, long_polling_timeout=long_polling_timeout,
  File "c:\Users\p\Downloads\projects\projects\reza hakimi\venv\Lib\site-packages\telebot\__init__.py", line 1208, in polling
    logger.info('Starting your bot with username: [@%s]', self.user.username)
                                                          ^^^^^^^^^
  File "c:\Users\p\Downloads\projects\projects\reza hakimi\venv\Lib\site-packages\telebot\__init__.py", line 307, in user
    self._user = self.get_me()
                 ^^^^^^^^^^^^^
  File "c:\Users\p\Downloads\projects\projects\reza hakimi\venv\Lib\site-packages\telebot\__init__.py", line 1395, in get_me
    apihelper.get_me(self.token)
  File "c:\Users\p\Downloads\projects\projects\reza hakimi\venv\Lib\site-packages\telebot\apihelper.py", line 204, in get_me
    return _make_request(token, method_url)
           ^^^^^^^^^^^^^^^^^^^^^^^^^^^^^^^^
  File "c:\Users\p\Downloads\projects\projects\reza hakimi\venv\Lib\site-packages\telebot\apihelper.py", line 168, in _make_request
    json_result = _check_result(method_name, result)
                  ^^^^^^^^^^^^^^^^^^^^^^^^^^^^^^^^^^
  File "c:\Users\p\Downloads\projects\projects\reza hakimi\venv\Lib\site-packages\telebot\apihelper.py", line 197, in _check_result
    raise ApiTelegramException(method_name, result, result_json)
telebot.apihelper.ApiTelegramException: A request to the Telegram API was unsuccessful. Error code: 401. Description: Unauthorized

2026-06-19 00:41:58 | ERROR | Infinity polling exception: A request to the Telegram API was unsuccessful. Error code: 401. Description: Unauthorized
2026-06-19 00:41:58 | ERROR | Exception traceback:
Traceback (most recent call last):
  File "c:\Users\p\Downloads\projects\projects\reza hakimi\venv\Lib\site-packages\telebot\__init__.py", line 1123, in infinity_polling
    self.polling(non_stop=True, timeout=timeout, long_polling_timeout=long_polling_timeout,
  File "c:\Users\p\Downloads\projects\projects\reza hakimi\venv\Lib\site-packages\telebot\__init__.py", line 1208, in polling
    logger.info('Starting your bot with username: [@%s]', self.user.username)
                                                          ^^^^^^^^^
  File "c:\Users\p\Downloads\projects\projects\reza hakimi\venv\Lib\site-packages\telebot\__init__.py", line 307, in user
    self._user = self.get_me()
                 ^^^^^^^^^^^^^
  File "c:\Users\p\Downloads\projects\projects\reza hakimi\venv\Lib\site-packages\telebot\__init__.py", line 1395, in get_me
    apihelper.get_me(self.token)
  File "c:\Users\p\Downloads\projects\projects\reza hakimi\venv\Lib\site-packages\telebot\apihelper.py", line 204, in get_me
    return _make_request(token, method_url)
           ^^^^^^^^^^^^^^^^^^^^^^^^^^^^^^^^
  File "c:\Users\p\Downloads\projects\projects\reza hakimi\venv\Lib\site-packages\telebot\apihelper.py", line 168, in _make_request
    json_result = _check_result(method_name, result)
                  ^^^^^^^^^^^^^^^^^^^^^^^^^^^^^^^^^^
  File "c:\Users\p\Downloads\projects\projects\reza hakimi\venv\Lib\site-packages\telebot\apihelper.py", line 197, in _check_result
    raise ApiTelegramException(method_name, result, result_json)
telebot.apihelper.ApiTelegramException: A request to the Telegram API was unsuccessful. Error code: 401. Description: Unauthorized

2026-06-19 00:44:18 | INFO | Bot instance created.
2026-06-19 00:44:18 | INFO | Bot polling started.
2026-06-19 00:48:32 | INFO | [START] user=715337548 (@ardalanch) level=user
2026-06-19 00:48:32 | INFO | [REGISTER] new user registered: id=715337548 username=@ardalanch name=Ardalan Cheraghi
2026-06-19 01:06:33 | ERROR | Infinity polling exception: HTTPSConnectionPool(host='tapi.bale.ai', port=443): Read timed out. (read timeout=25)
2026-06-19 01:06:33 | ERROR | Exception traceback:
Traceback (most recent call last):
  File "c:\Users\p\Downloads\projects\projects\reza hakimi\venv\Lib\site-packages\urllib3\connectionpool.py", line 534, in _make_request
    response = conn.getresponse()
               ^^^^^^^^^^^^^^^^^^
  File "c:\Users\p\Downloads\projects\projects\reza hakimi\venv\Lib\site-packages\urllib3\connection.py", line 571, in getresponse
    httplib_response = super().getresponse()
                       ^^^^^^^^^^^^^^^^^^^^^
  File "C:\Program Files\WindowsApps\PythonSoftwareFoundation.Python.3.11_3.11.2544.0_x64__qbz5n2kfra8p0\Lib\http\client.py", line 1395, in getresponse
    response.begin()
  File "C:\Program Files\WindowsApps\PythonSoftwareFoundation.Python.3.11_3.11.2544.0_x64__qbz5n2kfra8p0\Lib\http\client.py", line 325, in begin
    version, status, reason = self._read_status()
                              ^^^^^^^^^^^^^^^^^^^
  File "C:\Program Files\WindowsApps\PythonSoftwareFoundation.Python.3.11_3.11.2544.0_x64__qbz5n2kfra8p0\Lib\http\client.py", line 286, in _read_status
    line = str(self.fp.readline(_MAXLINE + 1), "iso-8859-1")
               ^^^^^^^^^^^^^^^^^^^^^^^^^^^^^^
  File "C:\Program Files\WindowsApps\PythonSoftwareFoundation.Python.3.11_3.11.2544.0_x64__qbz5n2kfra8p0\Lib\socket.py", line 706, in readinto
    return self._sock.recv_into(b)
           ^^^^^^^^^^^^^^^^^^^^^^^
  File "C:\Program Files\WindowsApps\PythonSoftwareFoundation.Python.3.11_3.11.2544.0_x64__qbz5n2kfra8p0\Lib\ssl.py", line 1314, in recv_into
    return self.read(nbytes, buffer)
           ^^^^^^^^^^^^^^^^^^^^^^^^^
  File "C:\Program Files\WindowsApps\PythonSoftwareFoundation.Python.3.11_3.11.2544.0_x64__qbz5n2kfra8p0\Lib\ssl.py", line 1166, in read
    return self._sslobj.read(len, buffer)
           ^^^^^^^^^^^^^^^^^^^^^^^^^^^^^^
TimeoutError: The read operation timed out

The above exception was the direct cause of the following exception:

Traceback (most recent call last):
  File "c:\Users\p\Downloads\projects\projects\reza hakimi\venv\Lib\site-packages\requests\adapters.py", line 645, in send
    resp = conn.urlopen(
           ^^^^^^^^^^^^^
  File "c:\Users\p\Downloads\projects\projects\reza hakimi\venv\Lib\site-packages\urllib3\connectionpool.py", line 841, in urlopen
    retries = retries.increment(
              ^^^^^^^^^^^^^^^^^^
  File "c:\Users\p\Downloads\projects\projects\reza hakimi\venv\Lib\site-packages\urllib3\util\retry.py", line 490, in increment
    raise reraise(type(error), error, _stacktrace)
          ^^^^^^^^^^^^^^^^^^^^^^^^^^^^^^^^^^^^^^^^
  File "c:\Users\p\Downloads\projects\projects\reza hakimi\venv\Lib\site-packages\urllib3\util\util.py", line 39, in reraise
    raise value
  File "c:\Users\p\Downloads\projects\projects\reza hakimi\venv\Lib\site-packages\urllib3\connectionpool.py", line 787, in urlopen
    response = self._make_request(
               ^^^^^^^^^^^^^^^^^^^
  File "c:\Users\p\Downloads\projects\projects\reza hakimi\venv\Lib\site-packages\urllib3\connectionpool.py", line 536, in _make_request
    self._raise_timeout(err=e, url=url, timeout_value=read_timeout)
  File "c:\Users\p\Downloads\projects\projects\reza hakimi\venv\Lib\site-packages\urllib3\connectionpool.py", line 367, in _raise_timeout
    raise ReadTimeoutError(
urllib3.exceptions.ReadTimeoutError: HTTPSConnectionPool(host='tapi.bale.ai', port=443): Read timed out. (read timeout=25)

During handling of the above exception, another exception occurred:

Traceback (most recent call last):
  File "c:\Users\p\Downloads\projects\projects\reza hakimi\venv\Lib\site-packages\telebot\__init__.py", line 1123, in infinity_polling
    self.polling(non_stop=True, timeout=timeout, long_polling_timeout=long_polling_timeout,
  File "c:\Users\p\Downloads\projects\projects\reza hakimi\venv\Lib\site-packages\telebot\__init__.py", line 1211, in polling
    self.__threaded_polling(non_stop=non_stop, interval=interval, timeout=timeout, long_polling_timeout=long_polling_timeout,
  File "c:\Users\p\Downloads\projects\projects\reza hakimi\venv\Lib\site-packages\telebot\__init__.py", line 1286, in __threaded_polling
    raise e
  File "c:\Users\p\Downloads\projects\projects\reza hakimi\venv\Lib\site-packages\telebot\__init__.py", line 1247, in __threaded_polling
    polling_thread.raise_exceptions()
  File "c:\Users\p\Downloads\projects\projects\reza hakimi\venv\Lib\site-packages\telebot\util.py", line 116, in raise_exceptions
    raise self.exception_info
  File "c:\Users\p\Downloads\projects\projects\reza hakimi\venv\Lib\site-packages\telebot\util.py", line 98, in run
    task(*args, **kwargs)
  File "c:\Users\p\Downloads\projects\projects\reza hakimi\venv\Lib\site-packages\telebot\__init__.py", line 689, in __retrieve_updates
    updates = self.get_updates(offset=(self.last_update_id + 1),
              ^^^^^^^^^^^^^^^^^^^^^^^^^^^^^^^^^^^^^^^^^^^^^^^^^^
  File "c:\Users\p\Downloads\projects\projects\reza hakimi\venv\Lib\site-packages\telebot\__init__.py", line 661, in get_updates
    json_updates = apihelper.get_updates(
                   ^^^^^^^^^^^^^^^^^^^^^^
  File "c:\Users\p\Downloads\projects\projects\reza hakimi\venv\Lib\site-packages\telebot\apihelper.py", line 339, in get_updates
    return _make_request(token, method_url, params=payload)
           ^^^^^^^^^^^^^^^^^^^^^^^^^^^^^^^^^^^^^^^^^^^^^^^^
  File "c:\Users\p\Downloads\projects\projects\reza hakimi\venv\Lib\site-packages\telebot\apihelper.py", line 162, in _make_request
    result = _get_req_session().request(
             ^^^^^^^^^^^^^^^^^^^^^^^^^^^
  File "c:\Users\p\Downloads\projects\projects\reza hakimi\venv\Lib\site-packages\requests\sessions.py", line 592, in request
    resp = self.send(prep, **send_kwargs)
           ^^^^^^^^^^^^^^^^^^^^^^^^^^^^^^
  File "c:\Users\p\Downloads\projects\projects\reza hakimi\venv\Lib\site-packages\requests\sessions.py", line 727, in send
    history = [resp for resp in gen]
              ^^^^^^^^^^^^^^^^^^^^^^
  File "c:\Users\p\Downloads\projects\projects\reza hakimi\venv\Lib\site-packages\requests\sessions.py", line 727, in <listcomp>
    history = [resp for resp in gen]
              ^^^^^^^^^^^^^^^^^^^^^^
  File "c:\Users\p\Downloads\projects\projects\reza hakimi\venv\Lib\site-packages\requests\sessions.py", line 266, in resolve_redirects
    resp = self.send(
           ^^^^^^^^^^
  File "c:\Users\p\Downloads\projects\projects\reza hakimi\venv\Lib\site-packages\requests\sessions.py", line 706, in send
    r = adapter.send(request, **kwargs)
        ^^^^^^^^^^^^^^^^^^^^^^^^^^^^^^^
  File "c:\Users\p\Downloads\projects\projects\reza hakimi\venv\Lib\site-packages\requests\adapters.py", line 691, in send
    raise ReadTimeout(e, request=request)
requests.exceptions.ReadTimeout: HTTPSConnectionPool(host='tapi.bale.ai', port=443): Read timed out. (read timeout=25)

2026-06-19 01:16:43 | ERROR | Infinity polling exception: ('Connection aborted.', RemoteDisconnected('Remote end closed connection without response'))
2026-06-19 01:16:43 | ERROR | Exception traceback:
Traceback (most recent call last):
  File "c:\Users\p\Downloads\projects\projects\reza hakimi\venv\Lib\site-packages\urllib3\connectionpool.py", line 787, in urlopen
    response = self._make_request(
               ^^^^^^^^^^^^^^^^^^^
  File "c:\Users\p\Downloads\projects\projects\reza hakimi\venv\Lib\site-packages\urllib3\connectionpool.py", line 534, in _make_request
    response = conn.getresponse()
               ^^^^^^^^^^^^^^^^^^
  File "c:\Users\p\Downloads\projects\projects\reza hakimi\venv\Lib\site-packages\urllib3\connection.py", line 571, in getresponse
    httplib_response = super().getresponse()
                       ^^^^^^^^^^^^^^^^^^^^^
  File "C:\Program Files\WindowsApps\PythonSoftwareFoundation.Python.3.11_3.11.2544.0_x64__qbz5n2kfra8p0\Lib\http\client.py", line 1395, in getresponse
    response.begin()
  File "C:\Program Files\WindowsApps\PythonSoftwareFoundation.Python.3.11_3.11.2544.0_x64__qbz5n2kfra8p0\Lib\http\client.py", line 325, in begin
    version, status, reason = self._read_status()
                              ^^^^^^^^^^^^^^^^^^^
  File "C:\Program Files\WindowsApps\PythonSoftwareFoundation.Python.3.11_3.11.2544.0_x64__qbz5n2kfra8p0\Lib\http\client.py", line 294, in _read_status
    raise RemoteDisconnected("Remote end closed connection without"
http.client.RemoteDisconnected: Remote end closed connection without response

During handling of the above exception, another exception occurred:

Traceback (most recent call last):
  File "c:\Users\p\Downloads\projects\projects\reza hakimi\venv\Lib\site-packages\requests\adapters.py", line 645, in send
    resp = conn.urlopen(
           ^^^^^^^^^^^^^
  File "c:\Users\p\Downloads\projects\projects\reza hakimi\venv\Lib\site-packages\urllib3\connectionpool.py", line 841, in urlopen
    retries = retries.increment(
              ^^^^^^^^^^^^^^^^^^
  File "c:\Users\p\Downloads\projects\projects\reza hakimi\venv\Lib\site-packages\urllib3\util\retry.py", line 490, in increment
    raise reraise(type(error), error, _stacktrace)
          ^^^^^^^^^^^^^^^^^^^^^^^^^^^^^^^^^^^^^^^^
  File "c:\Users\p\Downloads\projects\projects\reza hakimi\venv\Lib\site-packages\urllib3\util\util.py", line 38, in reraise
    raise value.with_traceback(tb)
  File "c:\Users\p\Downloads\projects\projects\reza hakimi\venv\Lib\site-packages\urllib3\connectionpool.py", line 787, in urlopen
    response = self._make_request(
               ^^^^^^^^^^^^^^^^^^^
  File "c:\Users\p\Downloads\projects\projects\reza hakimi\venv\Lib\site-packages\urllib3\connectionpool.py", line 534, in _make_request
    response = conn.getresponse()
               ^^^^^^^^^^^^^^^^^^
  File "c:\Users\p\Downloads\projects\projects\reza hakimi\venv\Lib\site-packages\urllib3\connection.py", line 571, in getresponse
    httplib_response = super().getresponse()
                       ^^^^^^^^^^^^^^^^^^^^^
  File "C:\Program Files\WindowsApps\PythonSoftwareFoundation.Python.3.11_3.11.2544.0_x64__qbz5n2kfra8p0\Lib\http\client.py", line 1395, in getresponse
    response.begin()
  File "C:\Program Files\WindowsApps\PythonSoftwareFoundation.Python.3.11_3.11.2544.0_x64__qbz5n2kfra8p0\Lib\http\client.py", line 325, in begin
    version, status, reason = self._read_status()
                              ^^^^^^^^^^^^^^^^^^^
  File "C:\Program Files\WindowsApps\PythonSoftwareFoundation.Python.3.11_3.11.2544.0_x64__qbz5n2kfra8p0\Lib\http\client.py", line 294, in _read_status
    raise RemoteDisconnected("Remote end closed connection without"
urllib3.exceptions.ProtocolError: ('Connection aborted.', RemoteDisconnected('Remote end closed connection without response'))

During handling of the above exception, another exception occurred:

Traceback (most recent call last):
  File "c:\Users\p\Downloads\projects\projects\reza hakimi\venv\Lib\site-packages\telebot\__init__.py", line 1123, in infinity_polling
    self.polling(non_stop=True, timeout=timeout, long_polling_timeout=long_polling_timeout,
  File "c:\Users\p\Downloads\projects\projects\reza hakimi\venv\Lib\site-packages\telebot\__init__.py", line 1211, in polling
    self.__threaded_polling(non_stop=non_stop, interval=interval, timeout=timeout, long_polling_timeout=long_polling_timeout,
  File "c:\Users\p\Downloads\projects\projects\reza hakimi\venv\Lib\site-packages\telebot\__init__.py", line 1286, in __threaded_polling
    raise e
  File "c:\Users\p\Downloads\projects\projects\reza hakimi\venv\Lib\site-packages\telebot\__init__.py", line 1247, in __threaded_polling
    polling_thread.raise_exceptions()
  File "c:\Users\p\Downloads\projects\projects\reza hakimi\venv\Lib\site-packages\telebot\util.py", line 116, in raise_exceptions
    raise self.exception_info
  File "c:\Users\p\Downloads\projects\projects\reza hakimi\venv\Lib\site-packages\telebot\util.py", line 98, in run
    task(*args, **kwargs)
  File "c:\Users\p\Downloads\projects\projects\reza hakimi\venv\Lib\site-packages\telebot\__init__.py", line 689, in __retrieve_updates
    updates = self.get_updates(offset=(self.last_update_id + 1),
              ^^^^^^^^^^^^^^^^^^^^^^^^^^^^^^^^^^^^^^^^^^^^^^^^^^
  File "c:\Users\p\Downloads\projects\projects\reza hakimi\venv\Lib\site-packages\telebot\__init__.py", line 661, in get_updates
    json_updates = apihelper.get_updates(
                   ^^^^^^^^^^^^^^^^^^^^^^
  File "c:\Users\p\Downloads\projects\projects\reza hakimi\venv\Lib\site-packages\telebot\apihelper.py", line 339, in get_updates
    return _make_request(token, method_url, params=payload)
           ^^^^^^^^^^^^^^^^^^^^^^^^^^^^^^^^^^^^^^^^^^^^^^^^
  File "c:\Users\p\Downloads\projects\projects\reza hakimi\venv\Lib\site-packages\telebot\apihelper.py", line 162, in _make_request
    result = _get_req_session().request(
             ^^^^^^^^^^^^^^^^^^^^^^^^^^^
  File "c:\Users\p\Downloads\projects\projects\reza hakimi\venv\Lib\site-packages\requests\sessions.py", line 592, in request
    resp = self.send(prep, **send_kwargs)
           ^^^^^^^^^^^^^^^^^^^^^^^^^^^^^^
  File "c:\Users\p\Downloads\projects\projects\reza hakimi\venv\Lib\site-packages\requests\sessions.py", line 727, in send
    history = [resp for resp in gen]
              ^^^^^^^^^^^^^^^^^^^^^^
  File "c:\Users\p\Downloads\projects\projects\reza hakimi\venv\Lib\site-packages\requests\sessions.py", line 727, in <listcomp>
    history = [resp for resp in gen]
              ^^^^^^^^^^^^^^^^^^^^^^
  File "c:\Users\p\Downloads\projects\projects\reza hakimi\venv\Lib\site-packages\requests\sessions.py", line 266, in resolve_redirects
    resp = self.send(
           ^^^^^^^^^^
  File "c:\Users\p\Downloads\projects\projects\reza hakimi\venv\Lib\site-packages\requests\sessions.py", line 706, in send
    r = adapter.send(request, **kwargs)
        ^^^^^^^^^^^^^^^^^^^^^^^^^^^^^^^
  File "c:\Users\p\Downloads\projects\projects\reza hakimi\venv\Lib\site-packages\requests\adapters.py", line 660, in send
    raise ConnectionError(err, request=request)
requests.exceptions.ConnectionError: ('Connection aborted.', RemoteDisconnected('Remote end closed connection without response'))

2026-06-19 01:16:57 | ERROR | Infinity polling exception: HTTPConnectionPool(host='tapi.bale.ai', port=80): Max retries exceeded with url: /bot1627387412:***********************************/getUpdates?offset=6317&timeout=20 (Caused by NameResolutionError("HTTPConnection(host='tapi.bale.ai', port=80): Failed to resolve 'tapi.bale.ai' ([Errno 11001] getaddrinfo failed)"))
2026-06-19 01:16:57 | ERROR | Exception traceback:
Traceback (most recent call last):
  File "c:\Users\p\Downloads\projects\projects\reza hakimi\venv\Lib\site-packages\urllib3\connection.py", line 204, in _new_conn
    sock = connection.create_connection(
           ^^^^^^^^^^^^^^^^^^^^^^^^^^^^^
  File "c:\Users\p\Downloads\projects\projects\reza hakimi\venv\Lib\site-packages\urllib3\util\connection.py", line 60, in create_connection
    for res in socket.getaddrinfo(host, port, family, socket.SOCK_STREAM):
               ^^^^^^^^^^^^^^^^^^^^^^^^^^^^^^^^^^^^^^^^^^^^^^^^^^^^^^^^^^
  File "C:\Program Files\WindowsApps\PythonSoftwareFoundation.Python.3.11_3.11.2544.0_x64__qbz5n2kfra8p0\Lib\socket.py", line 962, in getaddrinfo
    for res in _socket.getaddrinfo(host, port, family, type, proto, flags):
               ^^^^^^^^^^^^^^^^^^^^^^^^^^^^^^^^^^^^^^^^^^^^^^^^^^^^^^^^^^^
socket.gaierror: [Errno 11001] getaddrinfo failed

The above exception was the direct cause of the following exception:

Traceback (most recent call last):
  File "c:\Users\p\Downloads\projects\projects\reza hakimi\venv\Lib\site-packages\urllib3\connectionpool.py", line 787, in urlopen
    response = self._make_request(
               ^^^^^^^^^^^^^^^^^^^
  File "c:\Users\p\Downloads\projects\projects\reza hakimi\venv\Lib\site-packages\urllib3\connectionpool.py", line 493, in _make_request
    conn.request(
  File "c:\Users\p\Downloads\projects\projects\reza hakimi\venv\Lib\site-packages\urllib3\connection.py", line 500, in request
    self.endheaders()
  File "C:\Program Files\WindowsApps\PythonSoftwareFoundation.Python.3.11_3.11.2544.0_x64__qbz5n2kfra8p0\Lib\http\client.py", line 1298, in endheaders
    self._send_output(message_body, encode_chunked=encode_chunked)
  File "C:\Program Files\WindowsApps\PythonSoftwareFoundation.Python.3.11_3.11.2544.0_x64__qbz5n2kfra8p0\Lib\http\client.py", line 1058, in _send_output
    self.send(msg)
  File "C:\Program Files\WindowsApps\PythonSoftwareFoundation.Python.3.11_3.11.2544.0_x64__qbz5n2kfra8p0\Lib\http\client.py", line 996, in send
    self.connect()
  File "c:\Users\p\Downloads\projects\projects\reza hakimi\venv\Lib\site-packages\urllib3\connection.py", line 331, in connect
    self.sock = self._new_conn()
                ^^^^^^^^^^^^^^^^
  File "c:\Users\p\Downloads\projects\projects\reza hakimi\venv\Lib\site-packages\urllib3\connection.py", line 211, in _new_conn
    raise NameResolutionError(self.host, self, e) from e
urllib3.exceptions.NameResolutionError: HTTPConnection(host='tapi.bale.ai', port=80): Failed to resolve 'tapi.bale.ai' ([Errno 11001] getaddrinfo failed)

The above exception was the direct cause of the following exception:

Traceback (most recent call last):
  File "c:\Users\p\Downloads\projects\projects\reza hakimi\venv\Lib\site-packages\requests\adapters.py", line 645, in send
    resp = conn.urlopen(
           ^^^^^^^^^^^^^
  File "c:\Users\p\Downloads\projects\projects\reza hakimi\venv\Lib\site-packages\urllib3\connectionpool.py", line 841, in urlopen
    retries = retries.increment(
              ^^^^^^^^^^^^^^^^^^
  File "c:\Users\p\Downloads\projects\projects\reza hakimi\venv\Lib\site-packages\urllib3\util\retry.py", line 535, in increment
    raise MaxRetryError(_pool, url, reason) from reason  # type: ignore[arg-type]
    ^^^^^^^^^^^^^^^^^^^^^^^^^^^^^^^^^^^^^^^^^^^^^^^^^^^
urllib3.exceptions.MaxRetryError: HTTPConnectionPool(host='tapi.bale.ai', port=80): Max retries exceeded with url: /bot1627387412:***********************************/getUpdates?offset=6317&timeout=20 (Caused by NameResolutionError("HTTPConnection(host='tapi.bale.ai', port=80): Failed to resolve 'tapi.bale.ai' ([Errno 11001] getaddrinfo failed)"))

During handling of the above exception, another exception occurred:

Traceback (most recent call last):
  File "c:\Users\p\Downloads\projects\projects\reza hakimi\venv\Lib\site-packages\telebot\__init__.py", line 1123, in infinity_polling
    self.polling(non_stop=True, timeout=timeout, long_polling_timeout=long_polling_timeout,
  File "c:\Users\p\Downloads\projects\projects\reza hakimi\venv\Lib\site-packages\telebot\__init__.py", line 1211, in polling
    self.__threaded_polling(non_stop=non_stop, interval=interval, timeout=timeout, long_polling_timeout=long_polling_timeout,
  File "c:\Users\p\Downloads\projects\projects\reza hakimi\venv\Lib\site-packages\telebot\__init__.py", line 1286, in __threaded_polling
    raise e
  File "c:\Users\p\Downloads\projects\projects\reza hakimi\venv\Lib\site-packages\telebot\__init__.py", line 1247, in __threaded_polling
    polling_thread.raise_exceptions()
  File "c:\Users\p\Downloads\projects\projects\reza hakimi\venv\Lib\site-packages\telebot\util.py", line 116, in raise_exceptions
    raise self.exception_info
  File "c:\Users\p\Downloads\projects\projects\reza hakimi\venv\Lib\site-packages\telebot\util.py", line 98, in run
    task(*args, **kwargs)
  File "c:\Users\p\Downloads\projects\projects\reza hakimi\venv\Lib\site-packages\telebot\__init__.py", line 689, in __retrieve_updates
    updates = self.get_updates(offset=(self.last_update_id + 1),
              ^^^^^^^^^^^^^^^^^^^^^^^^^^^^^^^^^^^^^^^^^^^^^^^^^^
  File "c:\Users\p\Downloads\projects\projects\reza hakimi\venv\Lib\site-packages\telebot\__init__.py", line 661, in get_updates
    json_updates = apihelper.get_updates(
                   ^^^^^^^^^^^^^^^^^^^^^^
  File "c:\Users\p\Downloads\projects\projects\reza hakimi\venv\Lib\site-packages\telebot\apihelper.py", line 339, in get_updates
    return _make_request(token, method_url, params=payload)
           ^^^^^^^^^^^^^^^^^^^^^^^^^^^^^^^^^^^^^^^^^^^^^^^^
  File "c:\Users\p\Downloads\projects\projects\reza hakimi\venv\Lib\site-packages\telebot\apihelper.py", line 162, in _make_request
    result = _get_req_session().request(
             ^^^^^^^^^^^^^^^^^^^^^^^^^^^
  File "c:\Users\p\Downloads\projects\projects\reza hakimi\venv\Lib\site-packages\requests\sessions.py", line 592, in request
    resp = self.send(prep, **send_kwargs)
           ^^^^^^^^^^^^^^^^^^^^^^^^^^^^^^
  File "c:\Users\p\Downloads\projects\projects\reza hakimi\venv\Lib\site-packages\requests\sessions.py", line 706, in send
    r = adapter.send(request, **kwargs)
        ^^^^^^^^^^^^^^^^^^^^^^^^^^^^^^^
  File "c:\Users\p\Downloads\projects\projects\reza hakimi\venv\Lib\site-packages\requests\adapters.py", line 678, in send
    raise ConnectionError(e, request=request)
requests.exceptions.ConnectionError: HTTPConnectionPool(host='tapi.bale.ai', port=80): Max retries exceeded with url: /bot1627387412:***********************************/getUpdates?offset=6317&timeout=20 (Caused by NameResolutionError("HTTPConnection(host='tapi.bale.ai', port=80): Failed to resolve 'tapi.bale.ai' ([Errno 11001] getaddrinfo failed)"))

